<?xml version="1.0" encoding="UTF-8" ?>
<testsuite tests="28" failures="0" name="com.Laxmi.tests.RunCukeTest" time="0.002" errors="0" skipped="0">
  <properties>
[...]
</properties>
  <testcase classname="Scenario: Validate the login Message" name="Given I have the Google Website Opened" time="0"/>
  <testcase classname="Scenario: Validate the login Message" name="When I click Gmail Link on top right side of the window" time="0"/>
  <testcase classname="Scenario: Validate the login Message" name="And I fill username with &quot;Test123&quot;" time="0"/>
  <testcase classname="Scenario: Validate the login Message" name="And I fill password with &quot;Test&quot;" time="0"/>
  <testcase classname="Scenario: Validate the login Message" name="And I click on Login Button" time="0"/>
  <testcase classname="Scenario: Validate the login Message" name="Then I should see the error Message &quot;The email or password you entered is incorrect.&quot;" time="0"/>
  <testcase classname="Scenario: Validate the login Message" name="Scenario: Validate the login Message" time="0.001"/>
  <testcase classname="| a | a | a | a | a | January | 01 | 1978 | Male | 7424305275 | off | Uganda | on |  |" name="Given I have the Google Website Opened" time="0"/>
  <testcase classname="| a | a | a | a | a | January | 01 | 1978 | Male | 7424305275 | off | Uganda | on |  |" name="When I click Gmail Link on top right side of the window" time="0"/>
  <testcase classname="| a | a | a | a | a | January | 01 | 1978 | Male | 7424305275 | off | Uganda | on |  |" name="Then I should see the blabla page" time="0"/>
  <testcase classname="| a | a | a | a | a | January | 01 | 1978 | Male | 7424305275 | off | Uganda | on |  |" name="When I click on Create Account Link" time="0"/>
  <testcase classname="| a | a | a | a | a | January | 01 | 1978 | Male | 7424305275 | off | Uganda | on |  |" name="Then I should be navigated Google Create Account Page" time="0"/>
  <testcase classname="| a | a | a | a | a | January | 01 | 1978 | Male | 7424305275 | off | Uganda | on |  |" name="Given I am on the Google Create Account Page" time="0"/>
  <testcase classname="| a | a | a | a | a | January | 01 | 1978 | Male | 7424305275 | off | Uganda | on |  |" name="When I fill first name with a on Create Account Web part" time="0"/>
  <testcase classname="| a | a | a | a | a | January | 01 | 1978 | Male | 7424305275 | off | Uganda | on |  |" name="And I fill last name with a on Create Account Web part" time="0"/>
  <testcase classname="| a | a | a | a | a | January | 01 | 1978 | Male | 7424305275 | off | Uganda | on |  |" name="And I fill choose your name a on Create Account Web part" time="0"/>
  <testcase classname="| a | a | a | a | a | January | 01 | 1978 | Male | 7424305275 | off | Uganda | on |  |" name="And I fill create password with a on Create Account Web part" time="0"/>
  <testcase classname="| a | a | a | a | a | January | 01 | 1978 | Male | 7424305275 | off | Uganda | on |  |" name="And I fill confirm your password with a on Create Account Web part" time="0"/>
  <testcase classname="| a | a | a | a | a | January | 01 | 1978 | Male | 7424305275 | off | Uganda | on |  |" name="And I fill birthday month with January on Create Account Web part" time="0"/>
  <testcase classname="| a | a | a | a | a | January | 01 | 1978 | Male | 7424305275 | off | Uganda | on |  |" name="And I fill birthday day with 01 on Create Account Web part" time="0"/>
  <testcase classname="| a | a | a | a | a | January | 01 | 1978 | Male | 7424305275 | off | Uganda | on |  |" name="And I fill birthday year with 1978 on Create Account Web part" time="0"/>
  <testcase classname="| a | a | a | a | a | January | 01 | 1978 | Male | 7424305275 | off | Uganda | on |  |" name="And I fill gender with Male on Create Account Web part" time="0"/>
  <testcase classname="| a | a | a | a | a | January | 01 | 1978 | Male | 7424305275 | off | Uganda | on |  |" name="And I fill mobile phone number with 7424305275 on Create Account Web part" time="0"/>
  <testcase classname="| a | a | a | a | a | January | 01 | 1978 | Male | 7424305275 | off | Uganda | on |  |" name="And I set Set Google as my default homepage on off on Create Account Web part" time="0.001"/>
  <testcase classname="| a | a | a | a | a | January | 01 | 1978 | Male | 7424305275 | off | Uganda | on |  |" name="And I choose location Uganda on Create Account Web part" time="0"/>
  <testcase classname="| a | a | a | a | a | January | 01 | 1978 | Male | 7424305275 | off | Uganda | on |  |" name="And I set Google Terms and Conditions on on Create Account Web part" time="0"/>
  <testcase classname="| a | a | a | a | a | January | 01 | 1978 | Male | 7424305275 | off | Uganda | on |  |" name="And I Click on Submit button on Create Account Web part" time="0"/>
  <testcase classname="| a | a | a | a | a | January | 01 | 1978 | Male | 7424305275 | off | Uganda | on |  |" name="| a | a | a | a | a | January | 01 | 1978 | Male | 7424305275 | off | Uganda | on |  |" time="0"/>
</testsuite>